PCAD Importer Log
Project : BD136.LibPkg

Section : F:\Downloaded_Documents\Sharif\EE\Princ_of_electronics\Project\LIB\BD136.lia
    Section : PCB Library - BD136.PcbLib
        Section : Load Messages
            Warning - 1 : Skipping Token isVisible On Line 123
            Warning - 1 : Skipping Token isVisible On Line 124
            Warning - 1 : Skipping Token isVisible On Line 125
            Warning - 1 : Skipping Token isVisible On Line 148
            Warning - 1 : Skipping Token isVisible On Line 149
            Warning - 1 : Skipping Token isVisible On Line 150
            Warning - 1 : Skipping Token BD136 On Line 172
            Warning - 1 : Skipping Token attachedSymbol On Line 242
        EndSection

        Section : Import Messages
        EndSection
    EndSection

    Section : SCH Library - BD136.SchLib
        Section : Parsing Messages
            Warning - 1 : Skipping Token padStyleDef On Line 9
            Warning - 1 : Skipping Token multiLayer On Line 84
            Warning - 1 : Skipping Token layerContents On Line 89
            Warning - 1 : Skipping Token layerContents On Line 120
            Warning - 1 : Skipping Token layerContents On Line 145
        EndSection

        Section : Generating SCH Library - BD136.SchLib
        EndSection
    EndSection
EndSection
