PCAD Importer Log
Project : BD135.LibPkg

Section : F:\Downloaded_Documents\Sharif\EE\Princ_of_electronics\Project\LIB\BD135.lia
    Section : PCB Library - BD135.PcbLib
        Section : Load Messages
            Warning - 1 : Skipping Token BD135 On Line 132
            Warning - 1 : Skipping Token attachedSymbol On Line 201
        EndSection

        Section : Import Messages
        EndSection
    EndSection

    Section : SCH Library - BD135.SchLib
        Section : Parsing Messages
            Warning - 1 : Skipping Token padStyleDef On Line 9
            Warning - 1 : Skipping Token padStyleDef On Line 21
            Warning - 1 : Skipping Token multiLayer On Line 96
            Warning - 1 : Skipping Token layerContents On Line 101
            Warning - 1 : Skipping Token layerContents On Line 108
            Warning - 1 : Skipping Token layerContents On Line 114
            Warning - 1 : Skipping Token layerContents On Line 122
        EndSection

        Section : Generating SCH Library - BD135.SchLib
        EndSection
    EndSection
EndSection
