Removed Pin From Net: NetName=VCC Pin=P1-1
Removed Pin From Net: NetName=GND Pin=P1-4
Removed Pin From Net: NetName=NetQ1_1 Pin=Q1-1
Removed Pin From Net: NetName=NetQ1_1 Pin=R1-2
Removed Pin From Net: NetName=GND Pin=R2-1
Removed Pin From Net: NetName=GND Pin=R3-1
Removed Pin From Net: NetName=GND Pin=R4-1
Removed Pin From Net: NetName=VCC Pin=R5-2
Removed Pin From Net: NetName=GND Pin=R6-1
Removed Pin From Net: NetName=NetQ1_1 Pin=U1-2
Removed Pin From Net: NetName=GND Pin=U1-4
Removed Pin From Net: NetName=VCC Pin=U1-8
Change Component Footprint: Designator=Q9 Old Footprint=*TO229P780X300X2000-3 New Footprint=*BD136
Change Component Footprint: Designator=Q10 Old Footprint=*TO229P780X300X2000-3 New Footprint=*BD136
Change Component Footprint: Designator=R9 Old Footprint=VR4 New Footprint=VR5
Added Component: Designator=Q?(*TO229P780X300X2000-3)
Add component. Clean all parameters for all variants
Add component (AddParameter): Name = "Availability"; Value = "Unavailable"; VariantName = "[No Variations]"
Add component (AddParameter): Name = "MF"; Value = "ON Semiconductor"; VariantName = "[No Variations]"
Add component (AddParameter): Name = "MP"; Value = "BD135"; VariantName = "[No Variations]"
Add component (AddParameter): Name = "Package"; Value = "TO-126-3 NXP Semiconductors"; VariantName = "[No Variations]"
Add component (AddParameter): Name = "Price"; Value = "None"; VariantName = "[No Variations]"
Add component (AddParameter): Name = "SnapEDA_Link"; Value = "https://www.snapeda.com/parts/BD135/ON%20Semiconductor/view-part/?ref=snap"; VariantName = "[No Variations]"
Add component (AddParameter): Name = "Value"; Value = ""; VariantName = "[No Variations]"
Added Pin To Net: NetName=NetQ1_1 Pin=Q1-1
Added Pin To Net: NetName=NetQ1_1 Pin=Q2-3
Added Member To Class: ClassName=Sheet3 Member=Component P1 Header 5
Added Member To Class: ClassName=Sheet3 Member=Component Q1 BD135
Added Member To Class: ClassName=Sheet3 Member=Component Q2 BD135
Added Member To Class: ClassName=Sheet3 Member=Component Q? BD135
Added Member To Class: ClassName=Sheet3 Member=Component R3 Res1
Added Member To Class: ClassName=Sheet3 Member=Component R4 Res1
Added Member To Class: ClassName=Sheet3 Member=Component R5 Res1
Added Member To Class: ClassName=Sheet3 Member=Component R6 Res1
Added Member To Class: ClassName=Sheet3 Member=Component U1 LM324N
Added Room: Name=Sheet3
