PCAD Importer Log
Project : LM324N.LibPkg

Section : F:\Downloaded_Documents\Sharif\EE\Princ_of_electronics\Project\LIB\LM324N.lia
    Section : PCB Library - LM324N.PcbLib
        Section : Load Messages
            Warning - 1 : Skipping Token LM324N On Line 259
            Warning - 1 : Skipping Token attachedSymbol On Line 426
        EndSection

        Section : Import Messages
        EndSection
    EndSection

    Section : SCH Library - LM324N.SchLib
        Section : Parsing Messages
            Warning - 1 : Skipping Token padStyleDef On Line 9
            Warning - 1 : Skipping Token padStyleDef On Line 21
            Warning - 1 : Skipping Token multiLayer On Line 96
            Warning - 1 : Skipping Token layerContents On Line 112
            Warning - 1 : Skipping Token layerContents On Line 123
            Warning - 1 : Skipping Token layerContents On Line 190
        EndSection

        Section : Generating SCH Library - LM324N.SchLib
        EndSection
    EndSection
EndSection
